d:\siaod\project1\project1\x64\debug\vc143.pdb
d:\siaod\project1\project1\x64\debug\vc143.idb
d:\siaod\project1\project1\x64\debug\main.obj
d:\siaod\project1\project1\x64\debug\files.obj
d:\siaod\project1\x64\debug\project1.pdb
d:\siaod\project1\project1\x64\debug\project1.tlog\cl.command.1.tlog
d:\siaod\project1\project1\x64\debug\project1.tlog\cl.read.1.tlog
d:\siaod\project1\project1\x64\debug\project1.tlog\cl.write.1.tlog
d:\siaod\project1\project1\x64\debug\project1.tlog\link-cvtres.read.1.tlog
d:\siaod\project1\project1\x64\debug\project1.tlog\link-cvtres.write.1.tlog
d:\siaod\project1\project1\x64\debug\project1.tlog\link-rc.read.1.tlog
d:\siaod\project1\project1\x64\debug\project1.tlog\link-rc.write.1.tlog
d:\siaod\project1\project1\x64\debug\project1.tlog\link.15000-cvtres.read.1.tlog
d:\siaod\project1\project1\x64\debug\project1.tlog\link.15000-cvtres.write.1.tlog
d:\siaod\project1\project1\x64\debug\project1.tlog\link.15000-rc.read.1.tlog
d:\siaod\project1\project1\x64\debug\project1.tlog\link.15000-rc.write.1.tlog
d:\siaod\project1\project1\x64\debug\project1.tlog\link.15000.read.1.tlog
d:\siaod\project1\project1\x64\debug\project1.tlog\link.15000.read.2.tlog
d:\siaod\project1\project1\x64\debug\project1.tlog\link.15000.write.1.tlog
d:\siaod\project1\project1\x64\debug\project1.tlog\link.command.1.tlog
d:\siaod\project1\project1\x64\debug\project1.tlog\link.read.1.tlog
d:\siaod\project1\project1\x64\debug\project1.tlog\link.read.2.tlog
d:\siaod\project1\project1\x64\debug\project1.tlog\link.write.1.tlog
